#
# A fatal error has been detected by the Java Runtime Environment:
#
#  EXCEPTION_ACCESS_VIOLATION (0xc0000005) at pc=0x4fdfc5cc, pid=2020, tid=4124
#
# JRE version: Java(TM) SE Runtime Environment (7.0_45-b18) (build 1.7.0_45-b18)
# Java VM: Java HotSpot(TM) Client VM (24.45-b08 mixed mode, sharing windows-x86 )
# Problematic frame:
# C  0x4fdfc5cc
#
# Failed to write core dump. Minidumps are not enabled by default on client versions of Windows
#
# If you would like to submit a bug report, please visit:
#   http://bugreport.sun.com/bugreport/crash.jsp
# The crash happened outside the Java Virtual Machine in native code.
# See problematic frame for where to report the bug.
#

---------------  T H R E A D  ---------------

Current thread (0x02abe000):  JavaThread "AWT-EventQueue-0" [_thread_in_native, id=4124, stack(0x032b0000,0x03300000)]

siginfo: ExceptionCode=0xc0000005, reading address 0x4fdfc5cc

Registers:
EAX=0x7e42a77b, EBX=0x7c80b741, ECX=0x7c917c51, EDX=0x7c97e174
ESP=0x032fea54, EBP=0x032fea6c, ESI=0x7e410000, EDI=0x7c80ae40
EIP=0x4fdfc5cc, EFLAGS=0x00010206

Top of Stack: (sp=0x032fea54)
0x032fea54:   000bcf40 000bcf44 00000001 4fdfc79a
0x032fea64:   000bcf80 00000000 032fea80 4fdf88a1
0x032fea74:   000bcf80 02a85f10 00000000 00010001
0x032fea84:   6d0a5c30 000bcf40 00000000 02a85f10
0x032fea94:   02abe130 02abe000 032feb04 6d0a6170
0x032feaa4:   00010001 0310aca8 6d0aa3c7 00000000
0x032feab4:   32b2adc8 32b2adc8 0094a9cd 02abe130
0x032feac4:   032feb20 00000000 00000199 0000027b 

Instructions: (pc=0x4fdfc5cc)
0x4fdfc5ac:   
[error occurred during error reporting (printing registers, top of stack, instructions near pc), id 0xc0000005]

Register to memory mapping:

EAX=0x7e42a77b is an unknown value
EBX=0x7c80b741 is an unknown value
ECX=0x7c917c51 is an unknown value
EDX=0x7c97e174 is an unknown value
ESP=0x032fea54 is pointing into the stack for thread: 0x02abe000
EBP=0x032fea6c is pointing into the stack for thread: 0x02abe000
ESI=0x7e410000 is an unknown value
EDI=0x7c80ae40 is an unknown value


Stack: [0x032b0000,0x03300000],  sp=0x032fea54,  free space=314k
Native frames: (J=compiled Java code, j=interpreted, Vv=VM code, C=native code)
C  0x4fdfc5cc
C  0x4fdf88a1

Java frames: (J=compiled Java code, j=interpreted, Vv=VM code)
j  sun.java2d.d3d.D3DSurfaceData.initOps(III)V+0
j  sun.java2d.d3d.D3DSurfaceData.<init>(Lsun/awt/windows/WComponentPeer;Lsun/java2d/d3d/D3DGraphicsConfig;IILjava/awt/Image;Ljava/awt/image/ColorModel;IILsun/java2d/pipe/hw/ExtendedBufferCapabilities$VSyncType;I)V+76
j  sun.java2d.d3d.D3DSurfaceData.createData(Lsun/awt/windows/WComponentPeer;Ljava/awt/Image;)Lsun/java2d/d3d/D3DSurfaceData;+117
j  sun.java2d.d3d.D3DVolatileSurfaceManager.initAcceleratedSurface()Lsun/java2d/SurfaceData;+59
j  sun.java2d.d3d.D3DVolatileSurfaceManager.restoreAcceleratedSurface()V+62
j  sun.awt.image.VolatileSurfaceManager.validate(Ljava/awt/GraphicsConfiguration;)I+94
j  sun.awt.image.SunVolatileImage.validate(Ljava/awt/GraphicsConfiguration;)I+5
j  java.awt.Component$FlipBufferStrategy.revalidate(Z)V+82
j  java.awt.Component$FlipBufferStrategy.revalidate()V+2
j  java.awt.Component$FlipBufferStrategy.getDrawGraphics()Ljava/awt/Graphics;+1
j  javax.swing.BufferStrategyPaintManager.prepare(Ljavax/swing/JComponent;ZIIII)Z+153
j  javax.swing.BufferStrategyPaintManager.paint(Ljavax/swing/JComponent;Ljavax/swing/JComponent;Ljava/awt/Graphics;IIII)Z+11
j  javax.swing.RepaintManager.paint(Ljavax/swing/JComponent;Ljavax/swing/JComponent;Ljava/awt/Graphics;IIII)V+52
j  javax.swing.JComponent.paint(Ljava/awt/Graphics;)V+221
j  java.awt.GraphicsCallback$PaintCallback.run(Ljava/awt/Component;Ljava/awt/Graphics;)V+2
j  sun.awt.SunGraphicsCallback.runOneComponent(Ljava/awt/Component;Ljava/awt/Rectangle;Ljava/awt/Graphics;Ljava/awt/Shape;I)V+155
j  sun.awt.SunGraphicsCallback.runComponents([Ljava/awt/Component;Ljava/awt/Graphics;I)V+194
j  java.awt.Container.paint(Ljava/awt/Graphics;)V+58
j  java.awt.Window.paint(Ljava/awt/Graphics;)V+68
j  javax.swing.RepaintManager$3.run()Ljava/lang/Void;+136
j  javax.swing.RepaintManager$3.run()Ljava/lang/Object;+1
v  ~StubRoutines::call_stub
j  java.security.AccessController.doPrivileged(Ljava/security/PrivilegedAction;Ljava/security/AccessControlContext;)Ljava/lang/Object;+0
j  java.security.ProtectionDomain$1.doIntersectionPrivilege(Ljava/security/PrivilegedAction;Ljava/security/AccessControlContext;Ljava/security/AccessControlContext;)Ljava/lang/Object;+28
j  javax.swing.RepaintManager.paintDirtyRegions(Ljava/util/Map;)V+154
j  javax.swing.RepaintManager.paintDirtyRegions()V+46
j  javax.swing.RepaintManager.prePaintDirtyRegions()V+73
j  javax.swing.RepaintManager.access$1100(Ljavax/swing/RepaintManager;)V+1
j  javax.swing.RepaintManager$ProcessingRunnable.run()V+37
j  java.awt.event.InvocationEvent.dispatch()V+47
j  java.awt.EventQueue.dispatchEventImpl(Ljava/awt/AWTEvent;Ljava/lang/Object;)V+21
j  java.awt.EventQueue.access$200(Ljava/awt/EventQueue;Ljava/awt/AWTEvent;Ljava/lang/Object;)V+3
j  java.awt.EventQueue$3.run()Ljava/lang/Void;+12
j  java.awt.EventQueue$3.run()Ljava/lang/Object;+1
v  ~StubRoutines::call_stub
j  java.security.AccessController.doPrivileged(Ljava/security/PrivilegedAction;Ljava/security/AccessControlContext;)Ljava/lang/Object;+0
j  java.security.ProtectionDomain$1.doIntersectionPrivilege(Ljava/security/PrivilegedAction;Ljava/security/AccessControlContext;Ljava/security/AccessControlContext;)Ljava/lang/Object;+28
j  java.awt.EventQueue.dispatchEvent(Ljava/awt/AWTEvent;)V+46
j  java.awt.EventDispatchThread.pumpOneEventForFilters(I)V+245
j  java.awt.EventDispatchThread.pumpEventsForFilter(ILjava/awt/Conditional;Ljava/awt/EventFilter;)V+35
j  java.awt.EventDispatchThread.pumpEventsForHierarchy(ILjava/awt/Conditional;Ljava/awt/Component;)V+11
j  java.awt.EventDispatchThread.pumpEvents(ILjava/awt/Conditional;)V+4
j  java.awt.EventDispatchThread.pumpEvents(Ljava/awt/Conditional;)V+3
j  java.awt.EventDispatchThread.run()V+9
v  ~StubRoutines::call_stub

---------------  P R O C E S S  ---------------

Java Threads: ( => current thread )
  0x03113000 JavaThread "SIGTERM handler" daemon [_thread_blocked, id=2912, stack(0x038c0000,0x03910000)]
  0x03114c00 JavaThread "Thread-2" [_thread_in_native, id=4280, stack(0x03870000,0x038c0000)]
  0x0310b800 JavaThread "TimerQueue" daemon [_thread_blocked, id=4136, stack(0x03780000,0x037d0000)]
  0x003c9400 JavaThread "DestroyJavaVM" [_thread_blocked, id=3072, stack(0x008c0000,0x00910000)]
=>0x02abe000 JavaThread "AWT-EventQueue-0" [_thread_in_native, id=4124, stack(0x032b0000,0x03300000)]
  0x02a7f400 JavaThread "AWT-Shutdown" [_thread_blocked, id=4120, stack(0x02ef0000,0x02f40000)]
  0x02a7e000 JavaThread "Java2D Disposer" daemon [_thread_blocked, id=4684, stack(0x02ea0000,0x02ef0000)]
  0x02a57c00 JavaThread "Service Thread" daemon [_thread_blocked, id=4108, stack(0x02e00000,0x02e50000)]
  0x02a4d400 JavaThread "C1 CompilerThread0" daemon [_thread_blocked, id=3956, stack(0x02db0000,0x02e00000)]
  0x02a48000 JavaThread "Attach Listener" daemon [_thread_blocked, id=164, stack(0x02d60000,0x02db0000)]
  0x02a46c00 JavaThread "Signal Dispatcher" daemon [_thread_blocked, id=3680, stack(0x02d10000,0x02d60000)]
  0x029dfc00 JavaThread "Finalizer" daemon [_thread_blocked, id=3144, stack(0x02cc0000,0x02d10000)]
  0x029dac00 JavaThread "Reference Handler" daemon [_thread_blocked, id=2860, stack(0x02c70000,0x02cc0000)]

Other Threads:
  0x029d9000 VMThread [stack: 0x02c20000,0x02c70000] [id=3948]
  0x02a6b400 WatcherThread [stack: 0x02e50000,0x02ea0000] [id=4112]

VM state:not at safepoint (normal execution)

VM Mutex/Monitor currently owned by a thread: None

Heap
 def new generation   total 4928K, used 4318K [0x22ab0000, 0x23000000, 0x28000000)
  eden space 4416K,  97% used [0x22ab0000, 0x22ee7860, 0x22f00000)
  from space 512K,   0% used [0x22f00000, 0x22f00000, 0x22f80000)
  to   space 512K,   0% used [0x22f80000, 0x22f80000, 0x23000000)
 tenured generation   total 10944K, used 0K [0x28000000, 0x28ab0000, 0x32ab0000)
   the space 10944K,   0% used [0x28000000, 0x28000000, 0x28000200, 0x28ab0000)
 compacting perm gen  total 12288K, used 1004K [0x32ab0000, 0x336b0000, 0x36ab0000)
   the space 12288K,   8% used [0x32ab0000, 0x32bab3d8, 0x32bab400, 0x336b0000)
    ro space 10240K,  41% used [0x36ab0000, 0x36ee1a78, 0x36ee1c00, 0x374b0000)
    rw space 12288K,  52% used [0x374b0000, 0x37af62c0, 0x37af6400, 0x380b0000)

Card table byte_map: [0x02ac0000,0x02b70000] byte_map_base: 0x029aaa80

Polling page: 0x00910000

Code Cache  [0x00940000, 0x00a28000, 0x02940000)
 total_blobs=395 nmethods=175 adapters=157 free_code_cache=31868Kb largest_free_block=32633408

Compilation events (10 events):
Event: 3531.350 Thread 0x02a4d400  171             java.awt.geom.RectangularShape::<init> (5 bytes)
Event: 3531.350 Thread 0x02a4d400 nmethod 171 0x00a20408 code [0x00a20500, 0x00a20580]
Event: 3531.351 Thread 0x02a4d400  172             sun.java2d.SurfaceData::isSurfaceLost (5 bytes)
Event: 3531.351 Thread 0x02a4d400 nmethod 172 0x00a205c8 code [0x00a206c0, 0x00a20740]
Event: 3531.364 Thread 0x02a4d400  173             sun.java2d.SurfaceData::markDirty (8 bytes)
Event: 3531.372 Thread 0x02a4d400 nmethod 173 0x00a20788 code [0x00a20880, 0x00a20910]
Event: 3531.419 Thread 0x02a4d400  174             java.lang.Math::max (11 bytes)
Event: 3531.419 Thread 0x02a4d400 nmethod 174 0x00a20988 code [0x00a20a80, 0x00a20af0]
Event: 3532.586 Thread 0x02a4d400  175             sun.awt.SunToolkit::getContainingWindow (24 bytes)
Event: 3532.682 Thread 0x02a4d400 nmethod 175 0x00a20b48 code [0x00a20c50, 0x00a20d3c]

GC Heap History (0 events):
No events

Deoptimization events (0 events):
No events

Internal exceptions (9 events):
Event: 0.016 Thread 0x003c9400 Threw 0x22ab4d60 at C:\re\jdk7u45\229\hotspot\src\share\vm\prims\jni.cpp:3991
Event: 0.066 Thread 0x003c9400 Threw 0x22af4580 at C:\re\jdk7u45\229\hotspot\src\share\vm\prims\jvm.cpp:1244
Event: 0.077 Thread 0x003c9400 Threw 0x22afd310 at C:\re\jdk7u45\229\hotspot\src\share\vm\prims\jni.cpp:717
Event: 0.262 Thread 0x003c9400 Threw 0x22c32e88 at C:\re\jdk7u45\229\hotspot\src\share\vm\prims\jvm.cpp:1244
Event: 0.262 Thread 0x003c9400 Threw 0x22c32fa0 at C:\re\jdk7u45\229\hotspot\src\share\vm\prims\jvm.cpp:1244
Event: 0.265 Thread 0x003c9400 Threw 0x22c36278 at C:\re\jdk7u45\229\hotspot\src\share\vm\prims\jvm.cpp:1244
Event: 0.265 Thread 0x003c9400 Threw 0x22c36390 at C:\re\jdk7u45\229\hotspot\src\share\vm\prims\jvm.cpp:1244
Event: 2.836 Thread 0x02abe000 Threw 0x22d19328 at C:\re\jdk7u45\229\hotspot\src\share\vm\prims\jvm.cpp:1244
Event: 2.842 Thread 0x02abe000 Threw 0x22d21a10 at C:\re\jdk7u45\229\hotspot\src\share\vm\prims\jvm.cpp:1244

Events (10 events):
Event: 3300.793 loading class 0x38123a98 done
Event: 3529.291 loading class 0x38245c58
Event: 3529.342 loading class 0x38245c58 done
Event: 3532.352 loading class 0x380e81d0
Event: 3532.375 loading class 0x380e81d0 done
Event: 3532.375 Thread 0x03113000 Thread added: 0x03113000
Event: 3532.394 Thread 0x02abc000 Thread added: 0x02abc000
Event: 3532.394 Thread 0x02aa6400 Thread added: 0x02aa6400
Event: 3532.489 Thread 0x02abc000 Thread exited: 0x02abc000
Event: 3532.683 Thread 0x030b1800 Thread exited: 0x030b1800


Dynamic libraries:
0x00400000 - 0x0042f000 	C:\WINDOWS\system32\java.exe
0x7c900000 - 0x7c9b2000 	C:\WINDOWS\system32\ntdll.dll
0x7c800000 - 0x7c8f6000 	C:\WINDOWS\system32\kernel32.dll
0x77dd0000 - 0x77e6b000 	C:\WINDOWS\system32\ADVAPI32.dll
0x77e70000 - 0x77f03000 	C:\WINDOWS\system32\RPCRT4.dll
0x77fe0000 - 0x77ff1000 	C:\WINDOWS\system32\Secur32.dll
0x7e410000 - 0x7e4a1000 	C:\WINDOWS\system32\USER32.dll
0x77f10000 - 0x77f59000 	C:\WINDOWS\system32\GDI32.dll
0x773d0000 - 0x774d3000 	C:\WINDOWS\WinSxS\x86_Microsoft.Windows.Common-Controls_6595b64144ccf1df_6.0.2600.6028_x-ww_61e65202\COMCTL32.dll
0x77c10000 - 0x77c68000 	C:\WINDOWS\system32\msvcrt.dll
0x77f60000 - 0x77fd6000 	C:\WINDOWS\system32\SHLWAPI.dll
0x76390000 - 0x763ad000 	C:\WINDOWS\system32\IMM32.DLL
0x78aa0000 - 0x78b5f000 	C:\Program Files\Java\jre7\bin\msvcr100.dll
0x6e760000 - 0x6eae0000 	C:\Program Files\Java\jre7\bin\client\jvm.dll
0x71ad0000 - 0x71ad9000 	C:\WINDOWS\system32\WSOCK32.dll
0x71ab0000 - 0x71ac7000 	C:\WINDOWS\system32\WS2_32.dll
0x71aa0000 - 0x71aa8000 	C:\WINDOWS\system32\WS2HELP.dll
0x76b40000 - 0x76b6d000 	C:\WINDOWS\system32\WINMM.dll
0x76bf0000 - 0x76bfb000 	C:\WINDOWS\system32\PSAPI.DLL
0x6e6b0000 - 0x6e6bc000 	C:\Program Files\Java\jre7\bin\verify.dll
0x6d480000 - 0x6d4a0000 	C:\Program Files\Java\jre7\bin\java.dll
0x6e740000 - 0x6e753000 	C:\Program Files\Java\jre7\bin\zip.dll
0x6d000000 - 0x6d143000 	C:\Program Files\Java\jre7\bin\awt.dll
0x77120000 - 0x771ab000 	C:\WINDOWS\system32\OLEAUT32.dll
0x774e0000 - 0x7761e000 	C:\WINDOWS\system32\ole32.dll
0x5ad70000 - 0x5ada8000 	C:\WINDOWS\system32\uxtheme.dll
0x74720000 - 0x7476c000 	C:\WINDOWS\system32\MSCTF.dll
0x10000000 - 0x10005000 	C:\Program Files\Unlocker\UnlockerHook.dll
0x7c9c0000 - 0x7d1d7000 	C:\WINDOWS\system32\SHELL32.dll
0x755c0000 - 0x755ee000 	C:\WINDOWS\system32\msctfime.ime
0x77c00000 - 0x77c08000 	C:\WINDOWS\system32\VERSION.dll
0x6e210000 - 0x6e235000 	C:\Program Files\Java\jre7\bin\jpeg.dll
0x6d270000 - 0x6d2a8000 	C:\Program Files\Java\jre7\bin\fontmanager.dll
0x76fd0000 - 0x7704f000 	C:\WINDOWS\system32\CLBCATQ.DLL
0x77050000 - 0x77115000 	C:\WINDOWS\system32\COMRes.dll
0x6e4a0000 - 0x6e4b4000 	C:\Program Files\Java\jre7\bin\net.dll
0x6e4c0000 - 0x6e4cf000 	C:\Program Files\Java\jre7\bin\nio.dll
0x6e660000 - 0x6e690000 	C:\Program Files\Java\jre7\bin\t2k.dll
0x71a50000 - 0x71a8f000 	C:\WINDOWS\System32\mswsock.dll
0x76f20000 - 0x76f47000 	C:\WINDOWS\system32\DNSAPI.dll
0x76d60000 - 0x76d79000 	C:\WINDOWS\system32\iphlpapi.dll
0x76fb0000 - 0x76fb8000 	C:\WINDOWS\System32\winrnr.dll
0x76f60000 - 0x76f8c000 	C:\WINDOWS\system32\WLDAP32.dll
0x76fc0000 - 0x76fc6000 	C:\WINDOWS\system32\rasadhlp.dll
0x662b0000 - 0x66308000 	C:\WINDOWS\system32\hnetcfg.dll
0x71a90000 - 0x71a98000 	C:\WINDOWS\System32\wshtcpip.dll
0x59a60000 - 0x59b01000 	C:\WINDOWS\system32\dbghelp.dll

VM Arguments:
java_command: Login
Launcher Type: SUN_STANDARD

Environment Variables:
CLASSPATH=.;C:\PROGRA~1\JMF21~1.1E\lib\sound.jar;C:\PROGRA~1\JMF21~1.1E\lib\jmf.jar;C:\PROGRA~1\JMF21~1.1E\lib;Hlasspath;.;
PATH=C:\WINDOWS\system32;C:\WINDOWS;C:\WINDOWS\System32\Wbem;C:\Program Files\Microsoft SQL Server\90\Tools\binn\;C:\Program Files\Java\jdk1.7.0_45\bin;
USERNAME=MindSet
OS=Windows_NT
PROCESSOR_IDENTIFIER=x86 Family 16 Model 6 Stepping 3, AuthenticAMD



---------------  S Y S T E M  ---------------

OS: Windows XP Build 2600 Service Pack 3

CPU:total 1 (1 cores per cpu, 1 threads per core) family 16 model 6 stepping 3, cmov, cx8, fxsr, mmx, sse, sse2, sse3, popcnt, mmxext, 3dnowpref, lzcnt, sse4a, tsc, tscinvbit, tscinv

Memory: 4k page, physical 1309792k(255104k free), swap 3253064k(1668932k free)

vm_info: Java HotSpot(TM) Client VM (24.45-b08) for windows-x86 JRE (1.7.0_45-b18), built on Oct  8 2013 06:02:43 by "java_re" with unknown MS VC++:1600

time: Mon Mar 03 15:20:53 2014
elapsed time: 3533 seconds

